build/app/intermediates/manifest_merge_blame_file/debug/manifest-merger-blame-debug-report.txt
1<?xml version="1.0" encoding="utf-8"?>
2<manifest xmlns:android="http://schemas.android.com/apk/res/android"
3    package="com.example.labors"
4    android:versionCode="1"
5    android:versionName="1.0.0" >
6
7    <uses-sdk
8        android:minSdkVersion="21"
9        android:targetSdkVersion="28" />
10    <!--
11         Flutter needs it to communicate with the running application
12         to allow setting breakpoints, to provide hot reload, etc.
13    -->
14    <uses-permission android:name="android.permission.INTERNET" />
14-->src/debug/AndroidManifest.xml:6:5-66
14-->src/debug/AndroidManifest.xml:6:22-64
15    <!--
16     io.flutter.app.FlutterApplication is an android.app.Application that
17         calls FlutterMain.startInitialization(this); in its onCreate method.
18         In most cases you can leave this as-is, but you if you want to provide
19         additional functionality it is fine to subclass or reimplement
20         FlutterApplication and put your custom class here.
21    -->
22    <uses-permission android:name="android.permission.ACCESS_FINE_LOCATION" />
22-->src/main/AndroidManifest.xml:9:5-79
22-->src/main/AndroidManifest.xml:9:22-76
23    <uses-permission android:name="android.permission.ACCESS_COARSE_LOCATION" />
23-->src/main/AndroidManifest.xml:10:5-81
23-->src/main/AndroidManifest.xml:10:22-78
24    <uses-permission android:name="android.permission.ACCESS_BACKGROUND_LOCATION" />
24-->src/main/AndroidManifest.xml:11:5-85
24-->src/main/AndroidManifest.xml:11:22-82
25    <uses-permission android:name="android.permission.READ_EXTERNAL_STORAGE" />
25-->[:image_picker] AndroidManifest.xml:7:5-80
25-->[:image_picker] AndroidManifest.xml:7:22-77
26    <uses-permission android:name="android.permission.WRITE_EXTERNAL_STORAGE" />
26-->[:image_picker] AndroidManifest.xml:8:5-81
26-->[:image_picker] AndroidManifest.xml:8:22-78
27    <uses-permission android:name="android.permission.ACCESS_NETWORK_STATE" />
27-->[:connectivity] AndroidManifest.xml:7:5-79
27-->[:connectivity] AndroidManifest.xml:7:22-76
28    <uses-permission android:name="android.permission.ACCESS_WIFI_STATE" />
28-->[:connectivity] AndroidManifest.xml:8:5-76
28-->[:connectivity] AndroidManifest.xml:8:22-73
29
30    <uses-feature
30-->[com.google.android.gms:play-services-maps:17.0.0] AndroidManifest.xml:26:5-28:35
31        android:glEsVersion="0x00020000"
31-->[com.google.android.gms:play-services-maps:17.0.0] AndroidManifest.xml:27:9-41
32        android:required="true" />
32-->[com.google.android.gms:play-services-maps:17.0.0] AndroidManifest.xml:28:9-32
33
34    <uses-permission android:name="android.permission.WAKE_LOCK" /> <!-- Required by older versions of Google Play services to create IID tokens -->
34-->[com.google.firebase:firebase-iid:20.0.1] AndroidManifest.xml:24:5-68
34-->[com.google.firebase:firebase-iid:20.0.1] AndroidManifest.xml:24:22-65
35    <uses-permission android:name="com.google.android.c2dm.permission.RECEIVE" />
35-->[com.google.firebase:firebase-iid:20.0.1] AndroidManifest.xml:26:5-82
35-->[com.google.firebase:firebase-iid:20.0.1] AndroidManifest.xml:26:22-79
36
37    <application
37-->src/main/AndroidManifest.xml:14:5-59:19
38        android:name="io.flutter.app.FlutterApplication"
38-->src/main/AndroidManifest.xml:15:9-57
39        android:appComponentFactory="androidx.core.app.CoreComponentFactory"
39-->[androidx.core:core:1.2.0] AndroidManifest.xml:24:18-86
40        android:debuggable="true"
41        android:icon="@mipmap/ic_launcher"
41-->src/main/AndroidManifest.xml:17:9-43
42        android:label="labors" >
42-->src/main/AndroidManifest.xml:16:9-31
43        <meta-data
43-->src/main/AndroidManifest.xml:19:9-20:73
44            android:name="com.google.android.geo.API_KEY"
44-->src/main/AndroidManifest.xml:19:20-65
45            android:value="AIzaSyDt90XCS6bz6AT46QCqoY8lpLMcddUSK1k" />
45-->src/main/AndroidManifest.xml:20:16-71
46
47        <activity
47-->src/main/AndroidManifest.xml:21:9-53:20
48            android:name="com.example.labors.MainActivity"
48-->src/main/AndroidManifest.xml:22:13-41
49            android:configChanges="orientation|keyboardHidden|keyboard|screenSize|smallestScreenSize|locale|layoutDirection|fontScale|screenLayout|density|uiMode"
49-->src/main/AndroidManifest.xml:25:13-163
50            android:hardwareAccelerated="true"
50-->src/main/AndroidManifest.xml:26:13-47
51            android:launchMode="singleTop"
51-->src/main/AndroidManifest.xml:23:13-43
52            android:theme="@style/LaunchTheme"
52-->src/main/AndroidManifest.xml:24:13-47
53            android:windowSoftInputMode="adjustResize" >
53-->src/main/AndroidManifest.xml:27:13-55
54
55            <!--
56                 Specifies an Android theme to apply to this Activity as soon as
57                 the Android process has started. This theme is visible to the user
58                 while the Flutter UI initializes. After that, this theme continues
59                 to determine the Window background behind the Flutter UI.
60            -->
61            <meta-data
61-->src/main/AndroidManifest.xml:32:13-35:17
62                android:name="io.flutter.embedding.android.NormalTheme"
62-->src/main/AndroidManifest.xml:33:15-70
63                android:resource="@style/NormalTheme" />
63-->src/main/AndroidManifest.xml:34:15-52
64            <!--
65                 Displays an Android View that continues showing the launch screen
66                 Drawable until Flutter paints its first frame, then this splash
67                 screen fades out. A splash screen is useful to avoid any visual
68                 gap between the end of Android's launch screen and the painting of
69                 Flutter's first frame.
70            -->
71            <meta-data
71-->src/main/AndroidManifest.xml:41:13-44:17
72                android:name="io.flutter.embedding.android.SplashScreenDrawable"
72-->src/main/AndroidManifest.xml:42:15-79
73                android:resource="@drawable/launch_background" />
73-->src/main/AndroidManifest.xml:43:15-61
74
75            <intent-filter>
75-->src/main/AndroidManifest.xml:45:13-48:29
76                <action android:name="android.intent.action.MAIN" />
76-->src/main/AndroidManifest.xml:46:17-68
76-->src/main/AndroidManifest.xml:46:25-66
77
78                <category android:name="android.intent.category.LAUNCHER" />
78-->src/main/AndroidManifest.xml:47:17-76
78-->src/main/AndroidManifest.xml:47:27-74
79            </intent-filter>
80            <intent-filter>
80-->src/main/AndroidManifest.xml:49:13-52:29
81                <action android:name="FLUTTER_NOTIFICATION_CLICK" />
81-->src/main/AndroidManifest.xml:50:17-69
81-->src/main/AndroidManifest.xml:50:25-66
82
83                <category android:name="android.intent.category.DEFAULT" />
83-->src/main/AndroidManifest.xml:51:17-76
83-->src/main/AndroidManifest.xml:51:27-73
84            </intent-filter>
85        </activity>
86        <!--
87             Don't delete the meta-data below.
88             This is used by the Flutter tool to generate GeneratedPluginRegistrant.java
89        -->
90        <meta-data
90-->src/main/AndroidManifest.xml:56:9-58:33
91            android:name="flutterEmbedding"
91-->src/main/AndroidManifest.xml:57:13-44
92            android:value="2" />
92-->src/main/AndroidManifest.xml:58:13-30
93
94        <provider
94-->[:image_picker] AndroidManifest.xml:11:9-19:20
95            android:name="io.flutter.plugins.imagepicker.ImagePickerFileProvider"
95-->[:image_picker] AndroidManifest.xml:12:13-82
96            android:authorities="com.example.labors.flutter.image_provider"
96-->[:image_picker] AndroidManifest.xml:13:13-74
97            android:exported="false"
97-->[:image_picker] AndroidManifest.xml:14:13-37
98            android:grantUriPermissions="true" >
98-->[:image_picker] AndroidManifest.xml:15:13-47
99            <meta-data
99-->[:image_picker] AndroidManifest.xml:16:13-18:75
100                android:name="android.support.FILE_PROVIDER_PATHS"
100-->[:image_picker] AndroidManifest.xml:17:17-67
101                android:resource="@xml/flutter_image_picker_file_paths" />
101-->[:image_picker] AndroidManifest.xml:18:17-72
102        </provider>
103
104        <service
104-->[:cloud_firestore] AndroidManifest.xml:8:9-12:19
105            android:name="com.google.firebase.components.ComponentDiscoveryService"
105-->[:cloud_firestore] AndroidManifest.xml:8:18-89
106            android:directBootAware="true"
106-->[com.google.firebase:firebase-common:19.3.0] AndroidManifest.xml:34:13-43
107            android:exported="false" >
107-->[com.google.firebase:firebase-firestore:21.3.0] AndroidManifest.xml:19:13-37
108            <meta-data
108-->[:cloud_firestore] AndroidManifest.xml:9:13-11:85
109                android:name="com.google.firebase.components:io.flutter.plugins.firebase.cloudfirestore.FlutterFirebaseAppRegistrar"
109-->[:cloud_firestore] AndroidManifest.xml:10:17-133
110                android:value="com.google.firebase.components.ComponentRegistrar" />
110-->[:cloud_firestore] AndroidManifest.xml:11:17-82
111            <meta-data
111-->[:firebase_auth] AndroidManifest.xml:9:13-11:85
112                android:name="com.google.firebase.components:io.flutter.plugins.firebaseauth.FlutterFirebaseAppRegistrar"
112-->[:firebase_auth] AndroidManifest.xml:10:17-122
113                android:value="com.google.firebase.components.ComponentRegistrar" />
113-->[:firebase_auth] AndroidManifest.xml:11:17-82
114            <meta-data
114-->[:firebase_storage] AndroidManifest.xml:9:13-11:85
115                android:name="com.google.firebase.components:io.flutter.plugins.firebase.storage.FlutterFirebaseAppRegistrar"
115-->[:firebase_storage] AndroidManifest.xml:10:17-126
116                android:value="com.google.firebase.components.ComponentRegistrar" />
116-->[:firebase_storage] AndroidManifest.xml:11:17-82
117            <meta-data
117-->[:firebase_messaging] AndroidManifest.xml:14:13-16:85
118                android:name="com.google.firebase.components:io.flutter.plugins.firebasemessaging.FlutterFirebaseAppRegistrar"
118-->[:firebase_messaging] AndroidManifest.xml:15:17-127
119                android:value="com.google.firebase.components.ComponentRegistrar" />
119-->[:firebase_messaging] AndroidManifest.xml:16:17-82
120            <meta-data
120-->[:firebase_core] AndroidManifest.xml:9:13-11:85
121                android:name="com.google.firebase.components:io.flutter.plugins.firebase.core.FlutterFirebaseAppRegistrar"
121-->[:firebase_core] AndroidManifest.xml:10:17-123
122                android:value="com.google.firebase.components.ComponentRegistrar" />
122-->[:firebase_core] AndroidManifest.xml:11:17-82
123            <meta-data
123-->[com.google.firebase:firebase-firestore:21.3.0] AndroidManifest.xml:20:13-22:85
124                android:name="com.google.firebase.components:com.google.firebase.firestore.FirestoreRegistrar"
124-->[com.google.firebase:firebase-firestore:21.3.0] AndroidManifest.xml:21:17-111
125                android:value="com.google.firebase.components.ComponentRegistrar" />
125-->[com.google.firebase:firebase-firestore:21.3.0] AndroidManifest.xml:22:17-82
126            <meta-data
126-->[com.google.firebase:firebase-auth:19.2.0] AndroidManifest.xml:36:13-38:85
127                android:name="com.google.firebase.components:com.google.firebase.auth.FirebaseAuthRegistrar"
127-->[com.google.firebase:firebase-auth:19.2.0] AndroidManifest.xml:37:17-109
128                android:value="com.google.firebase.components.ComponentRegistrar" />
128-->[com.google.firebase:firebase-auth:19.2.0] AndroidManifest.xml:38:17-82
129            <meta-data
129-->[com.google.firebase:firebase-storage:17.0.0] AndroidManifest.xml:31:13-33:85
130                android:name="com.google.firebase.components:com.google.firebase.storage.StorageRegistrar"
130-->[com.google.firebase:firebase-storage:17.0.0] AndroidManifest.xml:32:17-107
131                android:value="com.google.firebase.components.ComponentRegistrar" />
131-->[com.google.firebase:firebase-storage:17.0.0] AndroidManifest.xml:33:17-82
132            <meta-data
132-->[com.google.firebase:firebase-iid:20.0.1] AndroidManifest.xml:32:13-34:85
133                android:name="com.google.firebase.components:com.google.firebase.iid.Registrar"
133-->[com.google.firebase:firebase-iid:20.0.1] AndroidManifest.xml:33:17-96
134                android:value="com.google.firebase.components.ComponentRegistrar" />
134-->[com.google.firebase:firebase-iid:20.0.1] AndroidManifest.xml:34:17-82
135        </service>
136        <service android:name="io.flutter.plugins.firebasemessaging.FlutterFirebaseMessagingService" >
136-->[:firebase_messaging] AndroidManifest.xml:8:9-12:19
136-->[:firebase_messaging] AndroidManifest.xml:8:18-101
137            <intent-filter>
137-->[:firebase_messaging] AndroidManifest.xml:9:13-11:29
138                <action android:name="com.google.firebase.MESSAGING_EVENT" />
138-->[:firebase_messaging] AndroidManifest.xml:10:17-78
138-->[:firebase_messaging] AndroidManifest.xml:10:25-75
139            </intent-filter>
140        </service>
141
142        <activity
142-->[com.google.firebase:firebase-auth:19.2.0] AndroidManifest.xml:24:9-31:50
143            android:name="com.google.firebase.auth.internal.FederatedSignInActivity"
143-->[com.google.firebase:firebase-auth:19.2.0] AndroidManifest.xml:25:13-85
144            android:excludeFromRecents="true"
144-->[com.google.firebase:firebase-auth:19.2.0] AndroidManifest.xml:26:13-46
145            android:exported="true"
145-->[com.google.firebase:firebase-auth:19.2.0] AndroidManifest.xml:27:13-36
146            android:launchMode="singleTask"
146-->[com.google.firebase:firebase-auth:19.2.0] AndroidManifest.xml:28:13-44
147            android:permission="com.google.firebase.auth.api.gms.permission.LAUNCH_FEDERATED_SIGN_IN"
147-->[com.google.firebase:firebase-auth:19.2.0] AndroidManifest.xml:29:13-102
148            android:theme="@android:style/Theme.Translucent.NoTitleBar" /> <!-- Needs to be explicitly declared on P+ -->
148-->[com.google.firebase:firebase-auth:19.2.0] AndroidManifest.xml:30:13-72
149        <uses-library
149-->[com.google.android.gms:play-services-maps:17.0.0] AndroidManifest.xml:33:9-35:40
150            android:name="org.apache.http.legacy"
150-->[com.google.android.gms:play-services-maps:17.0.0] AndroidManifest.xml:34:13-50
151            android:required="false" />
151-->[com.google.android.gms:play-services-maps:17.0.0] AndroidManifest.xml:35:13-37
152        <!--
153             FirebaseMessagingService performs security checks at runtime,
154             but set to not exported to explicitly avoid allowing another app to call it.
155        -->
156        <service
156-->[com.google.firebase:firebase-messaging:20.0.1] AndroidManifest.xml:28:9-34:19
157            android:name="com.google.firebase.messaging.FirebaseMessagingService"
157-->[com.google.firebase:firebase-messaging:20.0.1] AndroidManifest.xml:29:13-82
158            android:exported="false" >
158-->[com.google.firebase:firebase-messaging:20.0.1] AndroidManifest.xml:30:13-37
159            <intent-filter android:priority="-500" >
159-->[:firebase_messaging] AndroidManifest.xml:9:13-11:29
160                <action android:name="com.google.firebase.MESSAGING_EVENT" />
160-->[:firebase_messaging] AndroidManifest.xml:10:17-78
160-->[:firebase_messaging] AndroidManifest.xml:10:25-75
161            </intent-filter>
162        </service>
163
164        <receiver
164-->[com.google.firebase:firebase-iid:20.0.1] AndroidManifest.xml:37:9-44:20
165            android:name="com.google.firebase.iid.FirebaseInstanceIdReceiver"
165-->[com.google.firebase:firebase-iid:20.0.1] AndroidManifest.xml:38:13-78
166            android:exported="true"
166-->[com.google.firebase:firebase-iid:20.0.1] AndroidManifest.xml:39:13-36
167            android:permission="com.google.android.c2dm.permission.SEND" >
167-->[com.google.firebase:firebase-iid:20.0.1] AndroidManifest.xml:40:13-73
168            <intent-filter>
168-->[com.google.firebase:firebase-iid:20.0.1] AndroidManifest.xml:41:13-43:29
169                <action android:name="com.google.android.c2dm.intent.RECEIVE" />
169-->[com.google.firebase:firebase-iid:20.0.1] AndroidManifest.xml:42:17-81
169-->[com.google.firebase:firebase-iid:20.0.1] AndroidManifest.xml:42:25-78
170            </intent-filter>
171        </receiver>
172
173        <activity
173-->[com.google.android.gms:play-services-base:17.2.1] AndroidManifest.xml:23:9-26:75
174            android:name="com.google.android.gms.common.api.GoogleApiActivity"
174-->[com.google.android.gms:play-services-base:17.2.1] AndroidManifest.xml:24:13-79
175            android:exported="false"
175-->[com.google.android.gms:play-services-base:17.2.1] AndroidManifest.xml:25:13-37
176            android:theme="@android:style/Theme.Translucent.NoTitleBar" />
176-->[com.google.android.gms:play-services-base:17.2.1] AndroidManifest.xml:26:13-72
177
178        <provider
178-->[com.google.firebase:firebase-common:19.3.0] AndroidManifest.xml:26:9-30:39
179            android:name="com.google.firebase.provider.FirebaseInitProvider"
179-->[com.google.firebase:firebase-common:19.3.0] AndroidManifest.xml:27:13-77
180            android:authorities="com.example.labors.firebaseinitprovider"
180-->[com.google.firebase:firebase-common:19.3.0] AndroidManifest.xml:28:13-72
181            android:exported="false"
181-->[com.google.firebase:firebase-common:19.3.0] AndroidManifest.xml:29:13-37
182            android:initOrder="100" />
182-->[com.google.firebase:firebase-common:19.3.0] AndroidManifest.xml:30:13-36
183
184        <meta-data
184-->[com.google.android.gms:play-services-basement:17.2.1] AndroidManifest.xml:23:9-25:69
185            android:name="com.google.android.gms.version"
185-->[com.google.android.gms:play-services-basement:17.2.1] AndroidManifest.xml:24:13-58
186            android:value="@integer/google_play_services_version" />
186-->[com.google.android.gms:play-services-basement:17.2.1] AndroidManifest.xml:25:13-66
187    </application>
188
189</manifest>